99.06.15 15:37 B C:\WINDOWS\Desktop\AKC Homepage\cabinets\Specs\accessories.htm --> users.moscow.com /akc/cabinets/Specs accessories.htm
99.06.15 15:37 B C:\WINDOWS\Desktop\AKC Homepage\cabinets\Specs\B.gif --> users.moscow.com /akc/cabinets/Specs B.gif
99.06.15 15:37 B C:\WINDOWS\Desktop\AKC Homepage\cabinets\Specs\B3D.gif --> users.moscow.com /akc/cabinets/Specs B3D.gif
99.06.15 15:37 B C:\WINDOWS\Desktop\AKC Homepage\cabinets\Specs\BAC24.gif --> users.moscow.com /akc/cabinets/Specs BAC24.gif
99.06.15 15:37 B C:\WINDOWS\Desktop\AKC Homepage\cabinets\Specs\base_angle.htm --> users.moscow.com /akc/cabinets/Specs base_angle.htm
99.06.15 15:37 B C:\WINDOWS\Desktop\AKC Homepage\cabinets\Specs\base_cook.htm --> users.moscow.com /akc/cabinets/Specs base_cook.htm
99.06.15 15:37 B C:\WINDOWS\Desktop\AKC Homepage\cabinets\Specs\base_corner.htm --> users.moscow.com /akc/cabinets/Specs base_corner.htm
99.06.15 15:37 B C:\WINDOWS\Desktop\AKC Homepage\cabinets\Specs\base_curved.htm --> users.moscow.com /akc/cabinets/Specs base_curved.htm
99.06.15 15:37 B C:\WINDOWS\Desktop\AKC Homepage\cabinets\Specs\base_drawer.htm --> users.moscow.com /akc/cabinets/Specs base_drawer.htm
99.06.15 15:37 B C:\WINDOWS\Desktop\AKC Homepage\cabinets\Specs\base_high.htm --> users.moscow.com /akc/cabinets/Specs base_high.htm
99.06.15 15:37 B C:\WINDOWS\Desktop\AKC Homepage\cabinets\Specs\base_knick.htm --> users.moscow.com /akc/cabinets/Specs base_knick.htm
99.06.15 15:37 B C:\WINDOWS\Desktop\AKC Homepage\cabinets\Specs\base_microwave.htm --> users.moscow.com /akc/cabinets/Specs base_microwave.htm
99.06.15 15:37 B C:\WINDOWS\Desktop\AKC Homepage\cabinets\Specs\base_mixer.htm --> users.moscow.com /akc/cabinets/Specs base_mixer.htm
99.06.15 15:37 B C:\WINDOWS\Desktop\AKC Homepage\cabinets\Specs\base_open.htm --> users.moscow.com /akc/cabinets/Specs base_open.htm
99.06.15 15:37 B C:\WINDOWS\Desktop\AKC Homepage\cabinets\Specs\base_oven.htm --> users.moscow.com /akc/cabinets/Specs base_oven.htm
99.06.15 15:37 B C:\WINDOWS\Desktop\AKC Homepage\cabinets\Specs\base_peninsula.htm --> users.moscow.com /akc/cabinets/Specs base_peninsula.htm
99.06.15 15:37 B C:\WINDOWS\Desktop\AKC Homepage\cabinets\Specs\base_reduced.htm --> users.moscow.com /akc/cabinets/Specs base_reduced.htm
99.06.15 15:37 B C:\WINDOWS\Desktop\AKC Homepage\cabinets\Specs\base_roll.htm --> users.moscow.com /akc/cabinets/Specs base_roll.htm
99.06.15 15:37 B C:\WINDOWS\Desktop\AKC Homepage\cabinets\Specs\base_sink.htm --> users.moscow.com /akc/cabinets/Specs base_sink.htm
99.06.15 15:37 B C:\WINDOWS\Desktop\AKC Homepage\cabinets\Specs\base_standard.htm --> users.moscow.com /akc/cabinets/Specs base_standard.htm
99.06.15 15:37 B C:\WINDOWS\Desktop\AKC Homepage\cabinets\Specs\base_tray.htm --> users.moscow.com /akc/cabinets/Specs base_tray.htm
99.06.15 15:37 B C:\WINDOWS\Desktop\AKC Homepage\cabinets\Specs\base_wide.htm --> users.moscow.com /akc/cabinets/Specs base_wide.htm
99.06.15 15:37 B C:\WINDOWS\Desktop\AKC Homepage\cabinets\Specs\base_wine.htm --> users.moscow.com /akc/cabinets/Specs base_wine.htm
99.06.15 15:38 B C:\WINDOWS\Desktop\AKC Homepage\cabinets\Specs\BC.gif --> users.moscow.com /akc/cabinets/Specs BC.gif
99.06.15 15:38 B C:\WINDOWS\Desktop\AKC Homepage\cabinets\Specs\BCAS42.gif --> users.moscow.com /akc/cabinets/Specs BCAS42.gif
99.06.15 15:38 B C:\WINDOWS\Desktop\AKC Homepage\cabinets\Specs\BCD.gif --> users.moscow.com /akc/cabinets/Specs BCD.gif
99.06.15 15:38 B C:\WINDOWS\Desktop\AKC Homepage\cabinets\Specs\BCE.gif --> users.moscow.com /akc/cabinets/Specs BCE.gif
99.06.15 15:38 B C:\WINDOWS\Desktop\AKC Homepage\cabinets\Specs\BCEAO.gif --> users.moscow.com /akc/cabinets/Specs BCEAO.gif
99.06.15 15:38 B C:\WINDOWS\Desktop\AKC Homepage\cabinets\Specs\BCT.gif --> users.moscow.com /akc/cabinets/Specs BCT.gif
99.06.15 15:38 B C:\WINDOWS\Desktop\AKC Homepage\cabinets\Specs\BD.gif --> users.moscow.com /akc/cabinets/Specs BD.gif
99.06.15 15:38 B C:\WINDOWS\Desktop\AKC Homepage\cabinets\Specs\BH.gif --> users.moscow.com /akc/cabinets/Specs BH.gif
99.06.15 15:38 B C:\WINDOWS\Desktop\AKC Homepage\cabinets\Specs\BHAE.gif --> users.moscow.com /akc/cabinets/Specs BHAE.gif
99.06.15 15:38 B C:\WINDOWS\Desktop\AKC Homepage\cabinets\Specs\BHCA.gif --> users.moscow.com /akc/cabinets/Specs BHCA.gif
99.06.15 15:39 B C:\WINDOWS\Desktop\AKC Homepage\cabinets\Specs\BHCC.gif --> users.moscow.com /akc/cabinets/Specs BHCC.gif
99.06.15 15:39 B C:\WINDOWS\Desktop\AKC Homepage\cabinets\Specs\BHCS36LS.gif --> users.moscow.com /akc/cabinets/Specs BHCS36LS.gif
99.06.15 15:39 B C:\WINDOWS\Desktop\AKC Homepage\cabinets\Specs\BHEA12.gif --> users.moscow.com /akc/cabinets/Specs BHEA12.gif
99.06.15 15:39 B C:\WINDOWS\Desktop\AKC Homepage\cabinets\Specs\BHFA.gif --> users.moscow.com /akc/cabinets/Specs BHFA.gif
99.06.15 15:39 B C:\WINDOWS\Desktop\AKC Homepage\cabinets\Specs\BHFC.gif --> users.moscow.com /akc/cabinets/Specs BHFC.gif
99.06.15 15:39 B C:\WINDOWS\Desktop\AKC Homepage\cabinets\Specs\BHFT.gif --> users.moscow.com /akc/cabinets/Specs BHFT.gif
99.06.15 15:39 B C:\WINDOWS\Desktop\AKC Homepage\cabinets\Specs\BHM15.gif --> users.moscow.com /akc/cabinets/Specs BHM15.gif
99.06.15 15:39 B C:\WINDOWS\Desktop\AKC Homepage\cabinets\Specs\BHP.gif --> users.moscow.com /akc/cabinets/Specs BHP.gif
99.06.15 15:39 B C:\WINDOWS\Desktop\AKC Homepage\cabinets\Specs\BHRD.gif --> users.moscow.com /akc/cabinets/Specs BHRD.gif
99.06.15 15:40 B C:\WINDOWS\Desktop\AKC Homepage\cabinets\Specs\BHS.gif --> users.moscow.com /akc/cabinets/Specs BHS.gif
99.06.15 15:40 B C:\WINDOWS\Desktop\AKC Homepage\cabinets\Specs\BHSC.gif --> users.moscow.com /akc/cabinets/Specs BHSC.gif
99.06.15 15:40 B C:\WINDOWS\Desktop\AKC Homepage\cabinets\Specs\BHSCP.gif --> users.moscow.com /akc/cabinets/Specs BHSCP.gif
99.06.15 15:40 B C:\WINDOWS\Desktop\AKC Homepage\cabinets\Specs\BHSF.gif --> users.moscow.com /akc/cabinets/Specs BHSF.gif
99.06.15 15:40 B C:\WINDOWS\Desktop\AKC Homepage\cabinets\Specs\BHT.gif --> users.moscow.com /akc/cabinets/Specs BHT.gif
99.06.15 15:40 B C:\WINDOWS\Desktop\AKC Homepage\cabinets\Specs\BIC36.gif --> users.moscow.com /akc/cabinets/Specs BIC36.gif
99.06.15 15:40 B C:\WINDOWS\Desktop\AKC Homepage\cabinets\Specs\BKB.gif --> users.moscow.com /akc/cabinets/Specs BKB.gif
99.06.15 15:40 B C:\WINDOWS\Desktop\AKC Homepage\cabinets\Specs\BLWRF.gif --> users.moscow.com /akc/cabinets/Specs BLWRF.gif
99.06.15 15:40 B C:\WINDOWS\Desktop\AKC Homepage\cabinets\Specs\BMC.gif --> users.moscow.com /akc/cabinets/Specs BMC.gif
99.06.15 15:40 B C:\WINDOWS\Desktop\AKC Homepage\cabinets\Specs\BMW.gif --> users.moscow.com /akc/cabinets/Specs BMW.gif
99.06.15 15:40 B C:\WINDOWS\Desktop\AKC Homepage\cabinets\Specs\BNN.gif --> users.moscow.com /akc/cabinets/Specs BNN.gif
99.06.15 15:41 B C:\WINDOWS\Desktop\AKC Homepage\cabinets\Specs\BO.gif --> users.moscow.com /akc/cabinets/Specs BO.gif
99.06.15 15:41 B C:\WINDOWS\Desktop\AKC Homepage\cabinets\Specs\BOC.gif --> users.moscow.com /akc/cabinets/Specs BOC.gif
99.06.15 15:41 B C:\WINDOWS\Desktop\AKC Homepage\cabinets\Specs\bookcase_drawers.htm --> users.moscow.com /akc/cabinets/Specs bookcase_drawers.htm
99.06.15 15:41 B C:\WINDOWS\Desktop\AKC Homepage\cabinets\Specs\bookcase_shelves.htm --> users.moscow.com /akc/cabinets/Specs bookcase_shelves.htm
99.06.15 15:41 B C:\WINDOWS\Desktop\AKC Homepage\cabinets\Specs\bookcase_standard.htm --> users.moscow.com /akc/cabinets/Specs bookcase_standard.htm
99.06.15 15:41 B C:\WINDOWS\Desktop\AKC Homepage\cabinets\Specs\BP.gif --> users.moscow.com /akc/cabinets/Specs BP.gif
99.06.15 15:41 B C:\WINDOWS\Desktop\AKC Homepage\cabinets\Specs\BPNN.gif --> users.moscow.com /akc/cabinets/Specs BPNN.gif
99.06.15 15:41 B C:\WINDOWS\Desktop\AKC Homepage\cabinets\Specs\BROS.gif --> users.moscow.com /akc/cabinets/Specs BROS.gif
99.06.15 15:41 B C:\WINDOWS\Desktop\AKC Homepage\cabinets\Specs\BS.gif --> users.moscow.com /akc/cabinets/Specs BS.gif
99.06.15 15:41 B C:\WINDOWS\Desktop\AKC Homepage\cabinets\Specs\BSAF.gif --> users.moscow.com /akc/cabinets/Specs BSAF.gif
99.06.15 15:41 B C:\WINDOWS\Desktop\AKC Homepage\cabinets\Specs\BSC.gif --> users.moscow.com /akc/cabinets/Specs BSC.gif
99.06.15 15:41 B C:\WINDOWS\Desktop\AKC Homepage\cabinets\Specs\BSCP.gif --> users.moscow.com /akc/cabinets/Specs BSCP.gif
99.06.15 15:42 B C:\WINDOWS\Desktop\AKC Homepage\cabinets\Specs\BSF.gif --> users.moscow.com /akc/cabinets/Specs BSF.gif
99.06.15 15:42 B C:\WINDOWS\Desktop\AKC Homepage\cabinets\Specs\BSLD.gif --> users.moscow.com /akc/cabinets/Specs BSLD.gif
99.06.15 15:42 B C:\WINDOWS\Desktop\AKC Homepage\cabinets\Specs\BT.gif --> users.moscow.com /akc/cabinets/Specs BT.gif
99.06.15 15:42 B C:\WINDOWS\Desktop\AKC Homepage\cabinets\Specs\BW.gif --> users.moscow.com /akc/cabinets/Specs BW.gif
99.06.15 15:42 B C:\WINDOWS\Desktop\AKC Homepage\cabinets\Specs\CBC.gif --> users.moscow.com /akc/cabinets/Specs CBC.gif
99.06.15 15:42 B C:\WINDOWS\Desktop\AKC Homepage\cabinets\Specs\CBCB.gif --> users.moscow.com /akc/cabinets/Specs CBCB.gif
99.06.15 15:42 B C:\WINDOWS\Desktop\AKC Homepage\cabinets\Specs\CBCBD.gif --> users.moscow.com /akc/cabinets/Specs CBCBD.gif
99.06.15 15:42 B C:\WINDOWS\Desktop\AKC Homepage\cabinets\Specs\CBCBH.gif --> users.moscow.com /akc/cabinets/Specs CBCBH.gif
99.06.15 15:42 B C:\WINDOWS\Desktop\AKC Homepage\cabinets\Specs\CBSU.gif --> users.moscow.com /akc/cabinets/Specs CBSU.gif
99.06.15 15:43 B C:\WINDOWS\Desktop\AKC Homepage\cabinets\Specs\CFP.gif --> users.moscow.com /akc/cabinets/Specs CFP.gif
99.06.15 15:43 B C:\WINDOWS\Desktop\AKC Homepage\cabinets\Specs\CP.gif --> users.moscow.com /akc/cabinets/Specs CP.gif
99.06.15 15:43 B C:\WINDOWS\Desktop\AKC Homepage\cabinets\Specs\CWD.gif --> users.moscow.com /akc/cabinets/Specs CWD.gif
99.06.15 15:43 B C:\WINDOWS\Desktop\AKC Homepage\cabinets\Specs\CWO.gif --> users.moscow.com /akc/cabinets/Specs CWO.gif
99.06.15 15:43 B C:\WINDOWS\Desktop\AKC Homepage\cabinets\Specs\CWO3D.gif --> users.moscow.com /akc/cabinets/Specs CWO3D.gif
99.06.15 15:43 B C:\WINDOWS\Desktop\AKC Homepage\cabinets\Specs\CWOT.gif --> users.moscow.com /akc/cabinets/Specs CWOT.gif
99.06.15 15:43 B C:\WINDOWS\Desktop\AKC Homepage\cabinets\Specs\CWPR.gif --> users.moscow.com /akc/cabinets/Specs CWPR.gif
99.06.15 15:43 B C:\WINDOWS\Desktop\AKC Homepage\cabinets\Specs\D.gif --> users.moscow.com /akc/cabinets/Specs D.gif
99.06.15 15:43 B C:\WINDOWS\Desktop\AKC Homepage\cabinets\Specs\DD.gif --> users.moscow.com /akc/cabinets/Specs DD.gif
99.06.15 15:44 B C:\WINDOWS\Desktop\AKC Homepage\cabinets\Specs\DDB.gif --> users.moscow.com /akc/cabinets/Specs DDB.gif
99.06.15 15:44 B C:\WINDOWS\Desktop\AKC Homepage\cabinets\Specs\DDK.gif --> users.moscow.com /akc/cabinets/Specs DDK.gif
99.06.15 15:44 B C:\WINDOWS\Desktop\AKC Homepage\cabinets\Specs\DDKE.gif --> users.moscow.com /akc/cabinets/Specs DDKE.gif
99.06.15 15:44 B C:\WINDOWS\Desktop\AKC Homepage\cabinets\Specs\desk_drawers.htm --> users.moscow.com /akc/cabinets/Specs desk_drawers.htm
99.06.15 15:44 B C:\WINDOWS\Desktop\AKC Homepage\cabinets\Specs\desk_high.htm --> users.moscow.com /akc/cabinets/Specs desk_high.htm
99.06.15 15:44 B C:\WINDOWS\Desktop\AKC Homepage\cabinets\Specs\desk_pencil.htm --> users.moscow.com /akc/cabinets/Specs desk_pencil.htm
99.06.15 15:44 B C:\WINDOWS\Desktop\AKC Homepage\cabinets\Specs\desk_standard.htm --> users.moscow.com /akc/cabinets/Specs desk_standard.htm
99.06.15 15:44 B C:\WINDOWS\Desktop\AKC Homepage\cabinets\Specs\DFD.gif --> users.moscow.com /akc/cabinets/Specs DFD.gif
99.06.15 15:44 B C:\WINDOWS\Desktop\AKC Homepage\cabinets\Specs\DFF.gif --> users.moscow.com /akc/cabinets/Specs DFF.gif
99.06.15 15:44 B C:\WINDOWS\Desktop\AKC Homepage\cabinets\Specs\DH.gif --> users.moscow.com /akc/cabinets/Specs DH.gif
99.06.15 15:44 B C:\WINDOWS\Desktop\AKC Homepage\cabinets\Specs\DML.gif --> users.moscow.com /akc/cabinets/Specs DML.gif
99.06.15 15:44 B C:\WINDOWS\Desktop\AKC Homepage\cabinets\Specs\DRO.gif --> users.moscow.com /akc/cabinets/Specs DRO.gif
99.06.15 15:44 B C:\WINDOWS\Desktop\AKC Homepage\cabinets\Specs\ECC.gif --> users.moscow.com /akc/cabinets/Specs ECC.gif
99.06.15 15:44 B C:\WINDOWS\Desktop\AKC Homepage\cabinets\Specs\furniture_center.htm --> users.moscow.com /akc/cabinets/Specs furniture_center.htm
99.06.15 15:44 B C:\WINDOWS\Desktop\AKC Homepage\cabinets\Specs\furniture_stack.htm --> users.moscow.com /akc/cabinets/Specs furniture_stack.htm
99.06.15 15:44 B C:\WINDOWS\Desktop\AKC Homepage\cabinets\Specs\furniture_tv.htm --> users.moscow.com /akc/cabinets/Specs furniture_tv.htm
99.06.15 15:45 B C:\WINDOWS\Desktop\AKC Homepage\cabinets\Specs\GR6.gif --> users.moscow.com /akc/cabinets/Specs GR6.gif
99.06.15 15:45 B C:\WINDOWS\Desktop\AKC Homepage\cabinets\Specs\header.gif --> users.moscow.com /akc/cabinets/Specs header.gif
99.06.15 15:45 B C:\WINDOWS\Desktop\AKC Homepage\cabinets\Specs\index.html --> users.moscow.com /akc/cabinets/Specs index.html
99.06.15 15:45 B C:\WINDOWS\Desktop\AKC Homepage\cabinets\Specs\LF.gif --> users.moscow.com /akc/cabinets/Specs LF.gif
99.06.15 15:45 B C:\WINDOWS\Desktop\AKC Homepage\cabinets\Specs\line.gif --> users.moscow.com /akc/cabinets/Specs line.gif
99.06.15 15:45 B C:\WINDOWS\Desktop\AKC Homepage\cabinets\Specs\OCC.gif --> users.moscow.com /akc/cabinets/Specs OCC.gif
99.06.15 15:45 B C:\WINDOWS\Desktop\AKC Homepage\cabinets\Specs\OCDS.gif --> users.moscow.com /akc/cabinets/Specs OCDS.gif
99.06.15 15:45 B C:\WINDOWS\Desktop\AKC Homepage\cabinets\Specs\OCU.gif --> users.moscow.com /akc/cabinets/Specs OCU.gif
99.06.15 15:45 B C:\WINDOWS\Desktop\AKC Homepage\cabinets\Specs\P3D.gif --> users.moscow.com /akc/cabinets/Specs P3D.gif
99.06.15 15:46 B C:\WINDOWS\Desktop\AKC Homepage\cabinets\Specs\PAC.gif --> users.moscow.com /akc/cabinets/Specs PAC.gif
99.06.15 15:46 B C:\WINDOWS\Desktop\AKC Homepage\cabinets\Specs\PC.gif --> users.moscow.com /akc/cabinets/Specs PC.gif
99.06.15 15:46 B C:\WINDOWS\Desktop\AKC Homepage\cabinets\Specs\POP.gif --> users.moscow.com /akc/cabinets/Specs POP.gif
99.06.15 15:47 B C:\WINDOWS\Desktop\AKC Homepage\cabinets\Specs\POW.gif --> users.moscow.com /akc/cabinets/Specs POW.gif
99.06.15 15:47 B C:\WINDOWS\Desktop\AKC Homepage\cabinets\Specs\RC.gif --> users.moscow.com /akc/cabinets/Specs RC.gif
99.06.15 15:47 B C:\WINDOWS\Desktop\AKC Homepage\cabinets\Specs\ROH.gif --> users.moscow.com /akc/cabinets/Specs ROH.gif
99.06.15 15:47 B C:\WINDOWS\Desktop\AKC Homepage\cabinets\Specs\ROKT.gif --> users.moscow.com /akc/cabinets/Specs ROKT.gif
99.06.15 15:47 B C:\WINDOWS\Desktop\AKC Homepage\cabinets\Specs\SLC.gif --> users.moscow.com /akc/cabinets/Specs SLC.gif
99.06.15 15:48 B C:\WINDOWS\Desktop\AKC Homepage\cabinets\Specs\SLD.gif --> users.moscow.com /akc/cabinets/Specs SLD.gif
99.06.15 15:48 B C:\WINDOWS\Desktop\AKC Homepage\cabinets\Specs\SR.gif --> users.moscow.com /akc/cabinets/Specs SR.gif
99.06.15 15:48 B C:\WINDOWS\Desktop\AKC Homepage\cabinets\Specs\SRW.gif --> users.moscow.com /akc/cabinets/Specs SRW.gif
99.06.15 15:48 B C:\WINDOWS\Desktop\AKC Homepage\cabinets\Specs\SWH.gif --> users.moscow.com /akc/cabinets/Specs SWH.gif
99.06.15 15:48 B C:\WINDOWS\Desktop\AKC Homepage\cabinets\Specs\TAE.gif --> users.moscow.com /akc/cabinets/Specs TAE.gif
99.06.15 15:48 B C:\WINDOWS\Desktop\AKC Homepage\cabinets\Specs\tall_angle.htm --> users.moscow.com /akc/cabinets/Specs tall_angle.htm
99.06.15 15:48 B C:\WINDOWS\Desktop\AKC Homepage\cabinets\Specs\tall_broom.htm --> users.moscow.com /akc/cabinets/Specs tall_broom.htm
99.06.15 15:48 B C:\WINDOWS\Desktop\AKC Homepage\cabinets\Specs\tall_open.htm --> users.moscow.com /akc/cabinets/Specs tall_open.htm
99.06.15 15:48 B C:\WINDOWS\Desktop\AKC Homepage\cabinets\Specs\tall_oven.htm --> users.moscow.com /akc/cabinets/Specs tall_oven.htm
99.06.15 15:48 B C:\WINDOWS\Desktop\AKC Homepage\cabinets\Specs\tall_pantry.htm --> users.moscow.com /akc/cabinets/Specs tall_pantry.htm
99.06.15 15:48 B C:\WINDOWS\Desktop\AKC Homepage\cabinets\Specs\tall_slip.htm --> users.moscow.com /akc/cabinets/Specs tall_slip.htm
99.06.15 15:48 B C:\WINDOWS\Desktop\AKC Homepage\cabinets\Specs\tall_vanity.htm --> users.moscow.com /akc/cabinets/Specs tall_vanity.htm
99.06.15 15:48 B C:\WINDOWS\Desktop\AKC Homepage\cabinets\Specs\TD.gif --> users.moscow.com /akc/cabinets/Specs TD.gif
99.06.15 15:48 B C:\WINDOWS\Desktop\AKC Homepage\cabinets\Specs\TES.gif --> users.moscow.com /akc/cabinets/Specs TES.gif
99.06.15 15:49 B C:\WINDOWS\Desktop\AKC Homepage\cabinets\Specs\TOF.gif --> users.moscow.com /akc/cabinets/Specs TOF.gif
99.06.15 15:49 B C:\WINDOWS\Desktop\AKC Homepage\cabinets\Specs\TSC.gif --> users.moscow.com /akc/cabinets/Specs TSC.gif
99.06.15 15:49 B C:\WINDOWS\Desktop\AKC Homepage\cabinets\Specs\TSDC.gif --> users.moscow.com /akc/cabinets/Specs TSDC.gif
99.06.15 15:49 B C:\WINDOWS\Desktop\AKC Homepage\cabinets\Specs\TTVCC.gif --> users.moscow.com /akc/cabinets/Specs TTVCC.gif
99.06.15 15:49 B C:\WINDOWS\Desktop\AKC Homepage\cabinets\Specs\TTVCD.gif --> users.moscow.com /akc/cabinets/Specs TTVCD.gif
99.06.15 15:49 B C:\WINDOWS\Desktop\AKC Homepage\cabinets\Specs\TTVCS.gif --> users.moscow.com /akc/cabinets/Specs TTVCS.gif
99.06.15 15:49 B C:\WINDOWS\Desktop\AKC Homepage\cabinets\Specs\TVC.gif --> users.moscow.com /akc/cabinets/Specs TVC.gif
99.06.15 15:50 B C:\WINDOWS\Desktop\AKC Homepage\cabinets\Specs\TVCD.gif --> users.moscow.com /akc/cabinets/Specs TVCD.gif
99.06.15 15:50 B C:\WINDOWS\Desktop\AKC Homepage\cabinets\Specs\V.gif --> users.moscow.com /akc/cabinets/Specs V.gif
99.06.15 15:50 B C:\WINDOWS\Desktop\AKC Homepage\cabinets\Specs\vanity_drawers.htm --> users.moscow.com /akc/cabinets/Specs vanity_drawers.htm
99.06.15 15:50 B C:\WINDOWS\Desktop\AKC Homepage\cabinets\Specs\vanity_high.htm --> users.moscow.com /akc/cabinets/Specs vanity_high.htm
99.06.15 15:50 B C:\WINDOWS\Desktop\AKC Homepage\cabinets\Specs\vanity_knee.htm --> users.moscow.com /akc/cabinets/Specs vanity_knee.htm
99.06.15 15:50 B C:\WINDOWS\Desktop\AKC Homepage\cabinets\Specs\vanity_sink.htm --> users.moscow.com /akc/cabinets/Specs vanity_sink.htm
99.06.15 15:50 B C:\WINDOWS\Desktop\AKC Homepage\cabinets\Specs\vanity_standard.htm --> users.moscow.com /akc/cabinets/Specs vanity_standard.htm
99.06.15 15:50 B C:\WINDOWS\Desktop\AKC Homepage\cabinets\Specs\vanity_wall.htm --> users.moscow.com /akc/cabinets/Specs vanity_wall.htm
99.06.15 15:50 B C:\WINDOWS\Desktop\AKC Homepage\cabinets\Specs\VCD.gif --> users.moscow.com /akc/cabinets/Specs VCD.gif
99.06.15 15:50 B C:\WINDOWS\Desktop\AKC Homepage\cabinets\Specs\VCS.gif --> users.moscow.com /akc/cabinets/Specs VCS.gif
99.06.15 15:50 B C:\WINDOWS\Desktop\AKC Homepage\cabinets\Specs\VD.gif --> users.moscow.com /akc/cabinets/Specs VD.gif
99.06.15 15:50 B C:\WINDOWS\Desktop\AKC Homepage\cabinets\Specs\VDK.gif --> users.moscow.com /akc/cabinets/Specs VDK.gif
99.06.15 15:50 B C:\WINDOWS\Desktop\AKC Homepage\cabinets\Specs\VDKE.gif --> users.moscow.com /akc/cabinets/Specs VDKE.gif
99.06.15 15:50 B C:\WINDOWS\Desktop\AKC Homepage\cabinets\Specs\VDS.gif --> users.moscow.com /akc/cabinets/Specs VDS.gif
99.06.15 15:51 B C:\WINDOWS\Desktop\AKC Homepage\cabinets\Specs\VH.gif --> users.moscow.com /akc/cabinets/Specs VH.gif
99.06.15 15:51 B C:\WINDOWS\Desktop\AKC Homepage\cabinets\Specs\VHS.gif --> users.moscow.com /akc/cabinets/Specs VHS.gif
99.06.15 15:51 B C:\WINDOWS\Desktop\AKC Homepage\cabinets\Specs\VHSF.gif --> users.moscow.com /akc/cabinets/Specs VHSF.gif
99.06.15 15:51 B C:\WINDOWS\Desktop\AKC Homepage\cabinets\Specs\VLC.gif --> users.moscow.com /akc/cabinets/Specs VLC.gif
99.06.15 15:51 B C:\WINDOWS\Desktop\AKC Homepage\cabinets\Specs\VLD.gif --> users.moscow.com /akc/cabinets/Specs VLD.gif
99.06.15 15:51 B C:\WINDOWS\Desktop\AKC Homepage\cabinets\Specs\VMC1424.gif --> users.moscow.com /akc/cabinets/Specs VMC1424.gif
99.06.15 15:51 B C:\WINDOWS\Desktop\AKC Homepage\cabinets\Specs\VS.gif --> users.moscow.com /akc/cabinets/Specs VS.gif
99.06.15 15:51 B C:\WINDOWS\Desktop\AKC Homepage\cabinets\Specs\VSAF.gif --> users.moscow.com /akc/cabinets/Specs VSAF.gif
99.06.15 15:52 B C:\WINDOWS\Desktop\AKC Homepage\cabinets\Specs\VSC.gif --> users.moscow.com /akc/cabinets/Specs VSC.gif
99.06.15 15:52 B C:\WINDOWS\Desktop\AKC Homepage\cabinets\Specs\VSD.gif --> users.moscow.com /akc/cabinets/Specs VSD.gif
99.06.15 15:52 B C:\WINDOWS\Desktop\AKC Homepage\cabinets\Specs\VSF.gif --> users.moscow.com /akc/cabinets/Specs VSF.gif
99.06.15 15:52 B C:\WINDOWS\Desktop\AKC Homepage\cabinets\Specs\VSLD.gif --> users.moscow.com /akc/cabinets/Specs VSLD.gif
99.06.15 15:52 B C:\WINDOWS\Desktop\AKC Homepage\cabinets\Specs\VW.gif --> users.moscow.com /akc/cabinets/Specs VW.gif
99.06.15 15:52 B C:\WINDOWS\Desktop\AKC Homepage\cabinets\Specs\W.gif --> users.moscow.com /akc/cabinets/Specs W.gif
99.06.15 15:52 B C:\WINDOWS\Desktop\AKC Homepage\cabinets\Specs\W3D.gif --> users.moscow.com /akc/cabinets/Specs W3D.gif
99.06.15 15:52 B C:\WINDOWS\Desktop\AKC Homepage\cabinets\Specs\WAC.gif --> users.moscow.com /akc/cabinets/Specs WAC.gif
99.06.15 15:52 B C:\WINDOWS\Desktop\AKC Homepage\cabinets\Specs\WAE.gif --> users.moscow.com /akc/cabinets/Specs WAE.gif
99.06.15 15:52 B C:\WINDOWS\Desktop\AKC Homepage\cabinets\Specs\WAG.gif --> users.moscow.com /akc/cabinets/Specs WAG.gif
99.06.15 15:52 B C:\WINDOWS\Desktop\AKC Homepage\cabinets\Specs\wall_corner.htm --> users.moscow.com /akc/cabinets/Specs wall_corner.htm
99.06.15 15:52 B C:\WINDOWS\Desktop\AKC Homepage\cabinets\Specs\wall_curved.htm --> users.moscow.com /akc/cabinets/Specs wall_curved.htm
99.06.15 15:52 B C:\WINDOWS\Desktop\AKC Homepage\cabinets\Specs\wall_display.htm --> users.moscow.com /akc/cabinets/Specs wall_display.htm
99.06.15 15:52 B C:\WINDOWS\Desktop\AKC Homepage\cabinets\Specs\wall_drawer.htm --> users.moscow.com /akc/cabinets/Specs wall_drawer.htm
99.06.15 15:52 B C:\WINDOWS\Desktop\AKC Homepage\cabinets\Specs\wall_garage.htm --> users.moscow.com /akc/cabinets/Specs wall_garage.htm
99.06.15 15:52 B C:\WINDOWS\Desktop\AKC Homepage\cabinets\Specs\wall_hood.htm --> users.moscow.com /akc/cabinets/Specs wall_hood.htm
99.06.15 15:53 B C:\WINDOWS\Desktop\AKC Homepage\cabinets\Specs\wall_knick.htm --> users.moscow.com /akc/cabinets/Specs wall_knick.htm
99.06.15 15:53 B C:\WINDOWS\Desktop\AKC Homepage\cabinets\Specs\wall_letter.htm --> users.moscow.com /akc/cabinets/Specs wall_letter.htm
99.06.15 15:53 B C:\WINDOWS\Desktop\AKC Homepage\cabinets\Specs\wall_microwave.htm --> users.moscow.com /akc/cabinets/Specs wall_microwave.htm
99.06.15 15:53 B C:\WINDOWS\Desktop\AKC Homepage\cabinets\Specs\wall_open.htm --> users.moscow.com /akc/cabinets/Specs wall_open.htm
99.06.15 15:53 B C:\WINDOWS\Desktop\AKC Homepage\cabinets\Specs\wall_peninsula.htm --> users.moscow.com /akc/cabinets/Specs wall_peninsula.htm
99.06.15 15:53 B C:\WINDOWS\Desktop\AKC Homepage\cabinets\Specs\wall_plate.htm --> users.moscow.com /akc/cabinets/Specs wall_plate.htm
99.06.15 15:53 B C:\WINDOWS\Desktop\AKC Homepage\cabinets\Specs\wall_refer.htm --> users.moscow.com /akc/cabinets/Specs wall_refer.htm
99.06.15 15:53 B C:\WINDOWS\Desktop\AKC Homepage\cabinets\Specs\wall_standard.htm --> users.moscow.com /akc/cabinets/Specs wall_standard.htm
99.06.15 15:53 B C:\WINDOWS\Desktop\AKC Homepage\cabinets\Specs\wall_wine.htm --> users.moscow.com /akc/cabinets/Specs wall_wine.htm
99.06.15 15:53 B C:\WINDOWS\Desktop\AKC Homepage\cabinets\Specs\WCA.gif --> users.moscow.com /akc/cabinets/Specs WCA.gif
99.06.15 15:53 B C:\WINDOWS\Desktop\AKC Homepage\cabinets\Specs\WCAP.gif --> users.moscow.com /akc/cabinets/Specs WCAP.gif
99.06.15 15:53 B C:\WINDOWS\Desktop\AKC Homepage\cabinets\Specs\WCAT.gif --> users.moscow.com /akc/cabinets/Specs WCAT.gif
99.06.15 15:53 B C:\WINDOWS\Desktop\AKC Homepage\cabinets\Specs\WCC.gif --> users.moscow.com /akc/cabinets/Specs WCC.gif
99.06.15 15:53 B C:\WINDOWS\Desktop\AKC Homepage\cabinets\Specs\WCE.gif --> users.moscow.com /akc/cabinets/Specs WCE.gif
99.06.15 15:53 B C:\WINDOWS\Desktop\AKC Homepage\cabinets\Specs\WDC.gif --> users.moscow.com /akc/cabinets/Specs WDC.gif
99.06.15 15:54 B C:\WINDOWS\Desktop\AKC Homepage\cabinets\Specs\WDD.gif --> users.moscow.com /akc/cabinets/Specs WDD.gif
99.06.15 15:55 B C:\WINDOWS\Desktop\AKC Homepage\cabinets\Specs\WDDW.gif --> users.moscow.com /akc/cabinets/Specs WDDW.gif
99.06.15 15:55 B C:\WINDOWS\Desktop\AKC Homepage\cabinets\Specs\WG.gif --> users.moscow.com /akc/cabinets/Specs WG.gif
99.06.15 15:55 B C:\WINDOWS\Desktop\AKC Homepage\cabinets\Specs\WH.gif --> users.moscow.com /akc/cabinets/Specs WH.gif
99.06.15 15:56 B C:\WINDOWS\Desktop\AKC Homepage\cabinets\Specs\WHC.gif --> users.moscow.com /akc/cabinets/Specs WHC.gif
99.06.15 15:56 B C:\WINDOWS\Desktop\AKC Homepage\cabinets\Specs\WLO.gif --> users.moscow.com /akc/cabinets/Specs WLO.gif
99.06.15 15:56 B C:\WINDOWS\Desktop\AKC Homepage\cabinets\Specs\WLWR.gif --> users.moscow.com /akc/cabinets/Specs WLWR.gif
99.06.15 15:56 B C:\WINDOWS\Desktop\AKC Homepage\cabinets\Specs\WM.gif --> users.moscow.com /akc/cabinets/Specs WM.gif
99.06.15 15:56 B C:\WINDOWS\Desktop\AKC Homepage\cabinets\Specs\WNN.gif --> users.moscow.com /akc/cabinets/Specs WNN.gif
99.06.15 15:56 B C:\WINDOWS\Desktop\AKC Homepage\cabinets\Specs\WNNC.gif --> users.moscow.com /akc/cabinets/Specs WNNC.gif
99.06.15 15:56 B C:\WINDOWS\Desktop\AKC Homepage\cabinets\Specs\WOF.gif --> users.moscow.com /akc/cabinets/Specs WOF.gif
99.06.15 15:56 B C:\WINDOWS\Desktop\AKC Homepage\cabinets\Specs\WP.gif --> users.moscow.com /akc/cabinets/Specs WP.gif
99.06.15 15:56 B C:\WINDOWS\Desktop\AKC Homepage\cabinets\Specs\WPAE.gif --> users.moscow.com /akc/cabinets/Specs WPAE.gif
99.06.15 15:56 B C:\WINDOWS\Desktop\AKC Homepage\cabinets\Specs\WPR.gif --> users.moscow.com /akc/cabinets/Specs WPR.gif
99.06.15 15:57 B C:\WINDOWS\Desktop\AKC Homepage\cabinets\Specs\WR.gif --> users.moscow.com /akc/cabinets/Specs WR.gif
99.06.15 15:57 B C:\WINDOWS\Desktop\AKC Homepage\cabinets\Specs\WRK.gif --> users.moscow.com /akc/cabinets/Specs WRK.gif
99.06.15 15:57 B C:\WINDOWS\Desktop\AKC Homepage\cabinets\Specs\WSC.gif --> users.moscow.com /akc/cabinets/Specs WSC.gif
99.06.15 15:57 B C:\WINDOWS\Desktop\AKC Homepage\cabinets\Specs\WTC.gif --> users.moscow.com /akc/cabinets/Specs WTC.gif
99.06.15 16:01 B C:\WINDOWS\Desktop\AKC Homepage\cabinets\Specs\index.html --> users.moscow.com /akc/cabinets/Specs index.html
99.08.10 15:25 B C:\WINDOWS\Desktop\AKC Homepage\cabinets\Specs\accessories.htm --> users.moscow.com /akc/cabinets/Specs accessories.htm
99.08.10 15:25 B C:\WINDOWS\Desktop\AKC Homepage\cabinets\Specs\base_angle.htm --> users.moscow.com /akc/cabinets/Specs base_angle.htm
99.08.10 15:25 B C:\WINDOWS\Desktop\AKC Homepage\cabinets\Specs\base_cook.htm --> users.moscow.com /akc/cabinets/Specs base_cook.htm
99.08.10 15:25 B C:\WINDOWS\Desktop\AKC Homepage\cabinets\Specs\base_corner.htm --> users.moscow.com /akc/cabinets/Specs base_corner.htm
99.08.10 15:25 B C:\WINDOWS\Desktop\AKC Homepage\cabinets\Specs\base_curved.htm --> users.moscow.com /akc/cabinets/Specs base_curved.htm
99.08.10 15:25 B C:\WINDOWS\Desktop\AKC Homepage\cabinets\Specs\base_drawer.htm --> users.moscow.com /akc/cabinets/Specs base_drawer.htm
99.08.10 15:25 B C:\WINDOWS\Desktop\AKC Homepage\cabinets\Specs\base_high.htm --> users.moscow.com /akc/cabinets/Specs base_high.htm
99.08.10 15:25 B C:\WINDOWS\Desktop\AKC Homepage\cabinets\Specs\base_knick.htm --> users.moscow.com /akc/cabinets/Specs base_knick.htm
99.08.10 15:25 B C:\WINDOWS\Desktop\AKC Homepage\cabinets\Specs\base_microwave.htm --> users.moscow.com /akc/cabinets/Specs base_microwave.htm
99.08.10 15:25 B C:\WINDOWS\Desktop\AKC Homepage\cabinets\Specs\base_mixer.htm --> users.moscow.com /akc/cabinets/Specs base_mixer.htm
99.08.10 15:25 B C:\WINDOWS\Desktop\AKC Homepage\cabinets\Specs\base_open.htm --> users.moscow.com /akc/cabinets/Specs base_open.htm
99.08.10 15:25 B C:\WINDOWS\Desktop\AKC Homepage\cabinets\Specs\base_oven.htm --> users.moscow.com /akc/cabinets/Specs base_oven.htm
99.08.10 15:25 B C:\WINDOWS\Desktop\AKC Homepage\cabinets\Specs\base_peninsula.htm --> users.moscow.com /akc/cabinets/Specs base_peninsula.htm
99.08.10 15:25 B C:\WINDOWS\Desktop\AKC Homepage\cabinets\Specs\base_reduced.htm --> users.moscow.com /akc/cabinets/Specs base_reduced.htm
99.08.10 15:25 B C:\WINDOWS\Desktop\AKC Homepage\cabinets\Specs\base_roll.htm --> users.moscow.com /akc/cabinets/Specs base_roll.htm
99.08.10 15:25 B C:\WINDOWS\Desktop\AKC Homepage\cabinets\Specs\base_sink.htm --> users.moscow.com /akc/cabinets/Specs base_sink.htm
99.08.10 15:25 B C:\WINDOWS\Desktop\AKC Homepage\cabinets\Specs\base_standard.htm --> users.moscow.com /akc/cabinets/Specs base_standard.htm
99.08.10 15:25 B C:\WINDOWS\Desktop\AKC Homepage\cabinets\Specs\base_tray.htm --> users.moscow.com /akc/cabinets/Specs base_tray.htm
99.08.10 15:25 B C:\WINDOWS\Desktop\AKC Homepage\cabinets\Specs\base_wide.htm --> users.moscow.com /akc/cabinets/Specs base_wide.htm
99.08.10 15:25 B C:\WINDOWS\Desktop\AKC Homepage\cabinets\Specs\base_wine.htm --> users.moscow.com /akc/cabinets/Specs base_wine.htm
99.08.10 15:26 B C:\WINDOWS\Desktop\AKC Homepage\cabinets\Specs\bookcase_drawers.htm --> users.moscow.com /akc/cabinets/Specs bookcase_drawers.htm
99.08.10 15:26 B C:\WINDOWS\Desktop\AKC Homepage\cabinets\Specs\bookcase_shelves.htm --> users.moscow.com /akc/cabinets/Specs bookcase_shelves.htm
99.08.10 15:26 B C:\WINDOWS\Desktop\AKC Homepage\cabinets\Specs\bookcase_standard.htm --> users.moscow.com /akc/cabinets/Specs bookcase_standard.htm
99.08.10 15:26 B C:\WINDOWS\Desktop\AKC Homepage\cabinets\Specs\desk_drawers.htm --> users.moscow.com /akc/cabinets/Specs desk_drawers.htm
99.08.10 15:26 B C:\WINDOWS\Desktop\AKC Homepage\cabinets\Specs\desk_high.htm --> users.moscow.com /akc/cabinets/Specs desk_high.htm
99.08.10 15:26 B C:\WINDOWS\Desktop\AKC Homepage\cabinets\Specs\desk_pencil.htm --> users.moscow.com /akc/cabinets/Specs desk_pencil.htm
99.08.10 15:26 B C:\WINDOWS\Desktop\AKC Homepage\cabinets\Specs\desk_standard.htm --> users.moscow.com /akc/cabinets/Specs desk_standard.htm
99.08.10 15:26 B C:\WINDOWS\Desktop\AKC Homepage\cabinets\Specs\furniture_center.htm --> users.moscow.com /akc/cabinets/Specs furniture_center.htm
99.08.10 15:26 B C:\WINDOWS\Desktop\AKC Homepage\cabinets\Specs\furniture_stack.htm --> users.moscow.com /akc/cabinets/Specs furniture_stack.htm
99.08.10 15:26 B C:\WINDOWS\Desktop\AKC Homepage\cabinets\Specs\furniture_tv.htm --> users.moscow.com /akc/cabinets/Specs furniture_tv.htm
99.08.10 15:26 B C:\WINDOWS\Desktop\AKC Homepage\cabinets\Specs\index.html --> users.moscow.com /akc/cabinets/Specs index.html
99.08.10 15:26 B C:\WINDOWS\Desktop\AKC Homepage\cabinets\Specs\navbar.GIF --> users.moscow.com /akc/cabinets/Specs navbar.GIF
99.08.10 15:26 B C:\WINDOWS\Desktop\AKC Homepage\cabinets\Specs\navbartop.gif --> users.moscow.com /akc/cabinets/Specs navbartop.gif
99.08.10 15:27 B C:\WINDOWS\Desktop\AKC Homepage\cabinets\Specs\tall_angle.htm --> users.moscow.com /akc/cabinets/Specs tall_angle.htm
99.08.10 15:27 B C:\WINDOWS\Desktop\AKC Homepage\cabinets\Specs\tall_broom.htm --> users.moscow.com /akc/cabinets/Specs tall_broom.htm
99.08.10 15:27 B C:\WINDOWS\Desktop\AKC Homepage\cabinets\Specs\tall_open.htm --> users.moscow.com /akc/cabinets/Specs tall_open.htm
99.08.10 15:27 B C:\WINDOWS\Desktop\AKC Homepage\cabinets\Specs\tall_oven.htm --> users.moscow.com /akc/cabinets/Specs tall_oven.htm
99.08.10 15:27 B C:\WINDOWS\Desktop\AKC Homepage\cabinets\Specs\tall_pantry.htm --> users.moscow.com /akc/cabinets/Specs tall_pantry.htm
99.08.10 15:27 B C:\WINDOWS\Desktop\AKC Homepage\cabinets\Specs\tall_slip.htm --> users.moscow.com /akc/cabinets/Specs tall_slip.htm
99.08.10 15:27 B C:\WINDOWS\Desktop\AKC Homepage\cabinets\Specs\tall_vanity.htm --> users.moscow.com /akc/cabinets/Specs tall_vanity.htm
99.08.10 15:27 B C:\WINDOWS\Desktop\AKC Homepage\cabinets\Specs\vanity_drawers.htm --> users.moscow.com /akc/cabinets/Specs vanity_drawers.htm
99.08.10 15:27 B C:\WINDOWS\Desktop\AKC Homepage\cabinets\Specs\vanity_high.htm --> users.moscow.com /akc/cabinets/Specs vanity_high.htm
99.08.10 15:27 B C:\WINDOWS\Desktop\AKC Homepage\cabinets\Specs\vanity_knee.htm --> users.moscow.com /akc/cabinets/Specs vanity_knee.htm
99.08.10 15:27 B C:\WINDOWS\Desktop\AKC Homepage\cabinets\Specs\vanity_sink.htm --> users.moscow.com /akc/cabinets/Specs vanity_sink.htm
99.08.10 15:27 B C:\WINDOWS\Desktop\AKC Homepage\cabinets\Specs\vanity_standard.htm --> users.moscow.com /akc/cabinets/Specs vanity_standard.htm
99.08.10 15:27 B C:\WINDOWS\Desktop\AKC Homepage\cabinets\Specs\vanity_wall.htm --> users.moscow.com /akc/cabinets/Specs vanity_wall.htm
99.08.10 15:27 B C:\WINDOWS\Desktop\AKC Homepage\cabinets\Specs\wall_corner.htm --> users.moscow.com /akc/cabinets/Specs wall_corner.htm
99.08.10 15:27 B C:\WINDOWS\Desktop\AKC Homepage\cabinets\Specs\wall_curved.htm --> users.moscow.com /akc/cabinets/Specs wall_curved.htm
99.08.10 15:27 B C:\WINDOWS\Desktop\AKC Homepage\cabinets\Specs\wall_display.htm --> users.moscow.com /akc/cabinets/Specs wall_display.htm
99.08.10 15:27 B C:\WINDOWS\Desktop\AKC Homepage\cabinets\Specs\wall_drawer.htm --> users.moscow.com /akc/cabinets/Specs wall_drawer.htm
99.08.10 15:27 B C:\WINDOWS\Desktop\AKC Homepage\cabinets\Specs\wall_garage.htm --> users.moscow.com /akc/cabinets/Specs wall_garage.htm
99.08.10 15:27 B C:\WINDOWS\Desktop\AKC Homepage\cabinets\Specs\wall_hood.htm --> users.moscow.com /akc/cabinets/Specs wall_hood.htm
99.08.10 15:27 B C:\WINDOWS\Desktop\AKC Homepage\cabinets\Specs\wall_knick.htm --> users.moscow.com /akc/cabinets/Specs wall_knick.htm
99.08.10 15:27 B C:\WINDOWS\Desktop\AKC Homepage\cabinets\Specs\wall_letter.htm --> users.moscow.com /akc/cabinets/Specs wall_letter.htm
99.08.10 15:27 B C:\WINDOWS\Desktop\AKC Homepage\cabinets\Specs\wall_microwave.htm --> users.moscow.com /akc/cabinets/Specs wall_microwave.htm
99.08.10 15:27 B C:\WINDOWS\Desktop\AKC Homepage\cabinets\Specs\wall_open.htm --> users.moscow.com /akc/cabinets/Specs wall_open.htm
99.08.10 15:27 B C:\WINDOWS\Desktop\AKC Homepage\cabinets\Specs\wall_peninsula.htm --> users.moscow.com /akc/cabinets/Specs wall_peninsula.htm
99.08.10 15:27 B C:\WINDOWS\Desktop\AKC Homepage\cabinets\Specs\wall_plate.htm --> users.moscow.com /akc/cabinets/Specs wall_plate.htm
99.08.10 15:27 B C:\WINDOWS\Desktop\AKC Homepage\cabinets\Specs\wall_refer.htm --> users.moscow.com /akc/cabinets/Specs wall_refer.htm
99.08.10 15:27 B C:\WINDOWS\Desktop\AKC Homepage\cabinets\Specs\wall_standard.htm --> users.moscow.com /akc/cabinets/Specs wall_standard.htm
99.08.10 15:27 B C:\WINDOWS\Desktop\AKC Homepage\cabinets\Specs\wall_wine.htm --> users.moscow.com /akc/cabinets/Specs wall_wine.htm
99.08.10 15:42 B C:\WINDOWS\Desktop\AKC Homepage\cabinets\Specs\index.html --> users.moscow.com /akc/cabinets/Specs index.html
99.08.18 09:58 B C:\WINDOWS\Desktop\AKC Homepage\cabinets\Specs\accessories.htm --> 207.213.224.43 /cabinets/Specs accessories.htm
99.08.18 09:58 B C:\WINDOWS\Desktop\AKC Homepage\cabinets\Specs\B.gif --> 207.213.224.43 /cabinets/Specs B.gif
99.08.18 09:58 B C:\WINDOWS\Desktop\AKC Homepage\cabinets\Specs\B3D.gif --> 207.213.224.43 /cabinets/Specs B3D.gif
99.08.18 09:58 B C:\WINDOWS\Desktop\AKC Homepage\cabinets\Specs\BAC24.gif --> 207.213.224.43 /cabinets/Specs BAC24.gif
99.08.18 09:58 B C:\WINDOWS\Desktop\AKC Homepage\cabinets\Specs\base_angle.htm --> 207.213.224.43 /cabinets/Specs base_angle.htm
99.08.18 09:58 B C:\WINDOWS\Desktop\AKC Homepage\cabinets\Specs\base_cook.htm --> 207.213.224.43 /cabinets/Specs base_cook.htm
99.08.18 09:58 B C:\WINDOWS\Desktop\AKC Homepage\cabinets\Specs\base_corner.htm --> 207.213.224.43 /cabinets/Specs base_corner.htm
99.08.18 09:58 B C:\WINDOWS\Desktop\AKC Homepage\cabinets\Specs\base_curved.htm --> 207.213.224.43 /cabinets/Specs base_curved.htm
99.08.18 09:58 B C:\WINDOWS\Desktop\AKC Homepage\cabinets\Specs\base_drawer.htm --> 207.213.224.43 /cabinets/Specs base_drawer.htm
99.08.18 09:58 B C:\WINDOWS\Desktop\AKC Homepage\cabinets\Specs\base_high.htm --> 207.213.224.43 /cabinets/Specs base_high.htm
99.08.18 09:58 B C:\WINDOWS\Desktop\AKC Homepage\cabinets\Specs\base_knick.htm --> 207.213.224.43 /cabinets/Specs base_knick.htm
99.08.18 09:58 B C:\WINDOWS\Desktop\AKC Homepage\cabinets\Specs\base_microwave.htm --> 207.213.224.43 /cabinets/Specs base_microwave.htm
99.08.18 09:58 B C:\WINDOWS\Desktop\AKC Homepage\cabinets\Specs\base_mixer.htm --> 207.213.224.43 /cabinets/Specs base_mixer.htm
99.08.18 09:58 B C:\WINDOWS\Desktop\AKC Homepage\cabinets\Specs\base_open.htm --> 207.213.224.43 /cabinets/Specs base_open.htm
99.08.18 09:58 B C:\WINDOWS\Desktop\AKC Homepage\cabinets\Specs\base_oven.htm --> 207.213.224.43 /cabinets/Specs base_oven.htm
99.08.18 09:58 B C:\WINDOWS\Desktop\AKC Homepage\cabinets\Specs\base_peninsula.htm --> 207.213.224.43 /cabinets/Specs base_peninsula.htm
99.08.18 09:58 B C:\WINDOWS\Desktop\AKC Homepage\cabinets\Specs\base_reduced.htm --> 207.213.224.43 /cabinets/Specs base_reduced.htm
99.08.18 09:58 B C:\WINDOWS\Desktop\AKC Homepage\cabinets\Specs\base_roll.htm --> 207.213.224.43 /cabinets/Specs base_roll.htm
99.08.18 09:58 B C:\WINDOWS\Desktop\AKC Homepage\cabinets\Specs\base_sink.htm --> 207.213.224.43 /cabinets/Specs base_sink.htm
99.08.18 09:58 B C:\WINDOWS\Desktop\AKC Homepage\cabinets\Specs\base_standard.htm --> 207.213.224.43 /cabinets/Specs base_standard.htm
99.08.18 09:59 B C:\WINDOWS\Desktop\AKC Homepage\cabinets\Specs\base_tray.htm --> 207.213.224.43 /cabinets/Specs base_tray.htm
99.08.18 09:59 B C:\WINDOWS\Desktop\AKC Homepage\cabinets\Specs\base_wide.htm --> 207.213.224.43 /cabinets/Specs base_wide.htm
99.08.18 09:59 B C:\WINDOWS\Desktop\AKC Homepage\cabinets\Specs\base_wine.htm --> 207.213.224.43 /cabinets/Specs base_wine.htm
99.08.18 09:59 B C:\WINDOWS\Desktop\AKC Homepage\cabinets\Specs\BC.gif --> 207.213.224.43 /cabinets/Specs BC.gif
99.08.18 09:59 B C:\WINDOWS\Desktop\AKC Homepage\cabinets\Specs\BCAS42.gif --> 207.213.224.43 /cabinets/Specs BCAS42.gif
99.08.18 09:59 B C:\WINDOWS\Desktop\AKC Homepage\cabinets\Specs\BCD.gif --> 207.213.224.43 /cabinets/Specs BCD.gif
99.08.18 09:59 B C:\WINDOWS\Desktop\AKC Homepage\cabinets\Specs\BCE.gif --> 207.213.224.43 /cabinets/Specs BCE.gif
99.08.18 09:59 B C:\WINDOWS\Desktop\AKC Homepage\cabinets\Specs\BCEAO.gif --> 207.213.224.43 /cabinets/Specs BCEAO.gif
99.08.18 09:59 B C:\WINDOWS\Desktop\AKC Homepage\cabinets\Specs\BCT.gif --> 207.213.224.43 /cabinets/Specs BCT.gif
99.08.18 10:00 B C:\WINDOWS\Desktop\AKC Homepage\cabinets\Specs\BD.gif --> 207.213.224.43 /cabinets/Specs BD.gif
99.08.18 10:00 B C:\WINDOWS\Desktop\AKC Homepage\cabinets\Specs\BH.gif --> 207.213.224.43 /cabinets/Specs BH.gif
99.08.18 10:00 B C:\WINDOWS\Desktop\AKC Homepage\cabinets\Specs\BHAE.gif --> 207.213.224.43 /cabinets/Specs BHAE.gif
99.08.18 10:00 B C:\WINDOWS\Desktop\AKC Homepage\cabinets\Specs\BHCA.gif --> 207.213.224.43 /cabinets/Specs BHCA.gif
99.08.18 10:00 B C:\WINDOWS\Desktop\AKC Homepage\cabinets\Specs\BHCC.gif --> 207.213.224.43 /cabinets/Specs BHCC.gif
99.08.18 10:00 B C:\WINDOWS\Desktop\AKC Homepage\cabinets\Specs\BHCS36LS.gif --> 207.213.224.43 /cabinets/Specs BHCS36LS.gif
99.08.18 10:00 B C:\WINDOWS\Desktop\AKC Homepage\cabinets\Specs\BHEA12.gif --> 207.213.224.43 /cabinets/Specs BHEA12.gif
99.08.18 10:00 B C:\WINDOWS\Desktop\AKC Homepage\cabinets\Specs\BHFA.gif --> 207.213.224.43 /cabinets/Specs BHFA.gif
99.08.18 10:00 B C:\WINDOWS\Desktop\AKC Homepage\cabinets\Specs\BHFC.gif --> 207.213.224.43 /cabinets/Specs BHFC.gif
99.08.18 10:00 B C:\WINDOWS\Desktop\AKC Homepage\cabinets\Specs\BHFT.gif --> 207.213.224.43 /cabinets/Specs BHFT.gif
99.08.18 10:01 B C:\WINDOWS\Desktop\AKC Homepage\cabinets\Specs\BHM15.gif --> 207.213.224.43 /cabinets/Specs BHM15.gif
99.08.18 10:01 B C:\WINDOWS\Desktop\AKC Homepage\cabinets\Specs\BHP.gif --> 207.213.224.43 /cabinets/Specs BHP.gif
99.08.18 10:01 B C:\WINDOWS\Desktop\AKC Homepage\cabinets\Specs\BHRD.gif --> 207.213.224.43 /cabinets/Specs BHRD.gif
99.08.18 10:01 B C:\WINDOWS\Desktop\AKC Homepage\cabinets\Specs\BHS.gif --> 207.213.224.43 /cabinets/Specs BHS.gif
99.08.18 10:01 B C:\WINDOWS\Desktop\AKC Homepage\cabinets\Specs\BHSC.gif --> 207.213.224.43 /cabinets/Specs BHSC.gif
99.08.18 10:01 B C:\WINDOWS\Desktop\AKC Homepage\cabinets\Specs\BHSCP.gif --> 207.213.224.43 /cabinets/Specs BHSCP.gif
99.08.18 10:01 B C:\WINDOWS\Desktop\AKC Homepage\cabinets\Specs\BHSF.gif --> 207.213.224.43 /cabinets/Specs BHSF.gif
99.08.18 10:01 B C:\WINDOWS\Desktop\AKC Homepage\cabinets\Specs\BHT.gif --> 207.213.224.43 /cabinets/Specs BHT.gif
99.08.18 10:01 B C:\WINDOWS\Desktop\AKC Homepage\cabinets\Specs\BIC36.gif --> 207.213.224.43 /cabinets/Specs BIC36.gif
99.08.18 10:02 B C:\WINDOWS\Desktop\AKC Homepage\cabinets\Specs\BKB.gif --> 207.213.224.43 /cabinets/Specs BKB.gif
99.08.18 10:02 B C:\WINDOWS\Desktop\AKC Homepage\cabinets\Specs\BLWRF.gif --> 207.213.224.43 /cabinets/Specs BLWRF.gif
99.08.18 10:02 B C:\WINDOWS\Desktop\AKC Homepage\cabinets\Specs\BMC.gif --> 207.213.224.43 /cabinets/Specs BMC.gif
99.08.18 10:02 B C:\WINDOWS\Desktop\AKC Homepage\cabinets\Specs\BMW.gif --> 207.213.224.43 /cabinets/Specs BMW.gif
99.08.18 10:02 B C:\WINDOWS\Desktop\AKC Homepage\cabinets\Specs\BNN.gif --> 207.213.224.43 /cabinets/Specs BNN.gif
99.08.18 10:02 B C:\WINDOWS\Desktop\AKC Homepage\cabinets\Specs\BO.gif --> 207.213.224.43 /cabinets/Specs BO.gif
99.08.18 10:02 B C:\WINDOWS\Desktop\AKC Homepage\cabinets\Specs\BOC.gif --> 207.213.224.43 /cabinets/Specs BOC.gif
99.08.18 10:02 B C:\WINDOWS\Desktop\AKC Homepage\cabinets\Specs\bookcase_drawers.htm --> 207.213.224.43 /cabinets/Specs bookcase_drawers.htm
99.08.18 10:02 B C:\WINDOWS\Desktop\AKC Homepage\cabinets\Specs\bookcase_shelves.htm --> 207.213.224.43 /cabinets/Specs bookcase_shelves.htm
99.08.18 10:02 B C:\WINDOWS\Desktop\AKC Homepage\cabinets\Specs\bookcase_standard.htm --> 207.213.224.43 /cabinets/Specs bookcase_standard.htm
99.08.18 10:02 B C:\WINDOWS\Desktop\AKC Homepage\cabinets\Specs\BP.gif --> 207.213.224.43 /cabinets/Specs BP.gif
99.08.18 10:02 B C:\WINDOWS\Desktop\AKC Homepage\cabinets\Specs\BPNN.gif --> 207.213.224.43 /cabinets/Specs BPNN.gif
99.08.18 10:03 B C:\WINDOWS\Desktop\AKC Homepage\cabinets\Specs\BROS.gif --> 207.213.224.43 /cabinets/Specs BROS.gif
99.08.18 10:03 B C:\WINDOWS\Desktop\AKC Homepage\cabinets\Specs\BS.gif --> 207.213.224.43 /cabinets/Specs BS.gif
99.08.18 10:03 B C:\WINDOWS\Desktop\AKC Homepage\cabinets\Specs\BSAF.gif --> 207.213.224.43 /cabinets/Specs BSAF.gif
99.08.18 10:03 B C:\WINDOWS\Desktop\AKC Homepage\cabinets\Specs\BSC.gif --> 207.213.224.43 /cabinets/Specs BSC.gif
99.08.18 10:03 B C:\WINDOWS\Desktop\AKC Homepage\cabinets\Specs\BSCP.gif --> 207.213.224.43 /cabinets/Specs BSCP.gif
99.08.18 10:03 B C:\WINDOWS\Desktop\AKC Homepage\cabinets\Specs\BSF.gif --> 207.213.224.43 /cabinets/Specs BSF.gif
99.08.18 10:03 B C:\WINDOWS\Desktop\AKC Homepage\cabinets\Specs\BSLD.gif --> 207.213.224.43 /cabinets/Specs BSLD.gif
99.08.18 10:03 B C:\WINDOWS\Desktop\AKC Homepage\cabinets\Specs\BT.gif --> 207.213.224.43 /cabinets/Specs BT.gif
99.08.18 10:03 B C:\WINDOWS\Desktop\AKC Homepage\cabinets\Specs\BW.gif --> 207.213.224.43 /cabinets/Specs BW.gif
99.08.18 10:03 B C:\WINDOWS\Desktop\AKC Homepage\cabinets\Specs\CBC.gif --> 207.213.224.43 /cabinets/Specs CBC.gif
99.08.18 10:03 B C:\WINDOWS\Desktop\AKC Homepage\cabinets\Specs\CBCB.gif --> 207.213.224.43 /cabinets/Specs CBCB.gif
99.08.18 10:04 B C:\WINDOWS\Desktop\AKC Homepage\cabinets\Specs\CBCBD.gif --> 207.213.224.43 /cabinets/Specs CBCBD.gif
99.08.18 10:04 B C:\WINDOWS\Desktop\AKC Homepage\cabinets\Specs\CBCBH.gif --> 207.213.224.43 /cabinets/Specs CBCBH.gif
99.08.18 10:04 B C:\WINDOWS\Desktop\AKC Homepage\cabinets\Specs\CBSU.gif --> 207.213.224.43 /cabinets/Specs CBSU.gif
99.08.18 10:04 B C:\WINDOWS\Desktop\AKC Homepage\cabinets\Specs\CFP.gif --> 207.213.224.43 /cabinets/Specs CFP.gif
99.08.18 10:04 B C:\WINDOWS\Desktop\AKC Homepage\cabinets\Specs\CP.gif --> 207.213.224.43 /cabinets/Specs CP.gif
99.08.18 10:04 B C:\WINDOWS\Desktop\AKC Homepage\cabinets\Specs\CWD.gif --> 207.213.224.43 /cabinets/Specs CWD.gif
99.08.18 10:05 B C:\WINDOWS\Desktop\AKC Homepage\cabinets\Specs\CWO.gif --> 207.213.224.43 /cabinets/Specs CWO.gif
99.08.18 10:05 B C:\WINDOWS\Desktop\AKC Homepage\cabinets\Specs\CWO3D.gif --> 207.213.224.43 /cabinets/Specs CWO3D.gif
99.08.18 10:05 B C:\WINDOWS\Desktop\AKC Homepage\cabinets\Specs\CWOT.gif --> 207.213.224.43 /cabinets/Specs CWOT.gif
99.08.18 10:05 B C:\WINDOWS\Desktop\AKC Homepage\cabinets\Specs\CWPR.gif --> 207.213.224.43 /cabinets/Specs CWPR.gif
99.08.18 10:05 B C:\WINDOWS\Desktop\AKC Homepage\cabinets\Specs\D.gif --> 207.213.224.43 /cabinets/Specs D.gif
99.08.18 10:05 B C:\WINDOWS\Desktop\AKC Homepage\cabinets\Specs\DD.gif --> 207.213.224.43 /cabinets/Specs DD.gif
99.08.18 10:05 B C:\WINDOWS\Desktop\AKC Homepage\cabinets\Specs\DDB.gif --> 207.213.224.43 /cabinets/Specs DDB.gif
99.08.18 10:05 B C:\WINDOWS\Desktop\AKC Homepage\cabinets\Specs\DDK.gif --> 207.213.224.43 /cabinets/Specs DDK.gif
99.08.18 10:05 B C:\WINDOWS\Desktop\AKC Homepage\cabinets\Specs\DDKE.gif --> 207.213.224.43 /cabinets/Specs DDKE.gif
99.08.18 10:05 B C:\WINDOWS\Desktop\AKC Homepage\cabinets\Specs\desk_drawers.htm --> 207.213.224.43 /cabinets/Specs desk_drawers.htm
99.08.18 10:05 B C:\WINDOWS\Desktop\AKC Homepage\cabinets\Specs\desk_high.htm --> 207.213.224.43 /cabinets/Specs desk_high.htm
99.08.18 10:05 B C:\WINDOWS\Desktop\AKC Homepage\cabinets\Specs\desk_pencil.htm --> 207.213.224.43 /cabinets/Specs desk_pencil.htm
99.08.18 10:05 B C:\WINDOWS\Desktop\AKC Homepage\cabinets\Specs\desk_standard.htm --> 207.213.224.43 /cabinets/Specs desk_standard.htm
99.08.18 10:05 B C:\WINDOWS\Desktop\AKC Homepage\cabinets\Specs\DFD.gif --> 207.213.224.43 /cabinets/Specs DFD.gif
99.08.18 10:06 B C:\WINDOWS\Desktop\AKC Homepage\cabinets\Specs\DFF.gif --> 207.213.224.43 /cabinets/Specs DFF.gif
99.08.18 10:06 B C:\WINDOWS\Desktop\AKC Homepage\cabinets\Specs\DH.gif --> 207.213.224.43 /cabinets/Specs DH.gif
99.08.18 10:06 B C:\WINDOWS\Desktop\AKC Homepage\cabinets\Specs\DML.gif --> 207.213.224.43 /cabinets/Specs DML.gif
99.08.18 10:06 B C:\WINDOWS\Desktop\AKC Homepage\cabinets\Specs\DRO.gif --> 207.213.224.43 /cabinets/Specs DRO.gif
99.08.18 10:06 B C:\WINDOWS\Desktop\AKC Homepage\cabinets\Specs\ECC.gif --> 207.213.224.43 /cabinets/Specs ECC.gif
99.08.18 10:06 B C:\WINDOWS\Desktop\AKC Homepage\cabinets\Specs\furniture_center.htm --> 207.213.224.43 /cabinets/Specs furniture_center.htm
99.08.18 10:06 B C:\WINDOWS\Desktop\AKC Homepage\cabinets\Specs\furniture_stack.htm --> 207.213.224.43 /cabinets/Specs furniture_stack.htm
99.08.18 10:06 B C:\WINDOWS\Desktop\AKC Homepage\cabinets\Specs\furniture_tv.htm --> 207.213.224.43 /cabinets/Specs furniture_tv.htm
99.08.18 10:06 B C:\WINDOWS\Desktop\AKC Homepage\cabinets\Specs\GR6.gif --> 207.213.224.43 /cabinets/Specs GR6.gif
99.08.18 10:06 B C:\WINDOWS\Desktop\AKC Homepage\cabinets\Specs\header.gif --> 207.213.224.43 /cabinets/Specs header.gif
99.08.18 10:06 B C:\WINDOWS\Desktop\AKC Homepage\cabinets\Specs\index.html --> 207.213.224.43 /cabinets/Specs index.html
99.08.18 10:07 B C:\WINDOWS\Desktop\AKC Homepage\cabinets\Specs\LF.gif --> 207.213.224.43 /cabinets/Specs LF.gif
99.08.18 10:07 B C:\WINDOWS\Desktop\AKC Homepage\cabinets\Specs\line.gif --> 207.213.224.43 /cabinets/Specs line.gif
99.08.18 10:07 B C:\WINDOWS\Desktop\AKC Homepage\cabinets\Specs\navbar.GIF --> 207.213.224.43 /cabinets/Specs navbar.GIF
99.08.18 10:07 B C:\WINDOWS\Desktop\AKC Homepage\cabinets\Specs\navbartop.gif --> 207.213.224.43 /cabinets/Specs navbartop.gif
99.08.18 10:07 B C:\WINDOWS\Desktop\AKC Homepage\cabinets\Specs\OCC.gif --> 207.213.224.43 /cabinets/Specs OCC.gif
99.08.18 10:07 B C:\WINDOWS\Desktop\AKC Homepage\cabinets\Specs\OCDS.gif --> 207.213.224.43 /cabinets/Specs OCDS.gif
99.08.18 10:07 B C:\WINDOWS\Desktop\AKC Homepage\cabinets\Specs\OCU.gif --> 207.213.224.43 /cabinets/Specs OCU.gif
99.08.18 10:08 B C:\WINDOWS\Desktop\AKC Homepage\cabinets\Specs\P3D.gif --> 207.213.224.43 /cabinets/Specs P3D.gif
99.08.18 10:08 B C:\WINDOWS\Desktop\AKC Homepage\cabinets\Specs\PAC.gif --> 207.213.224.43 /cabinets/Specs PAC.gif
99.08.18 10:08 B C:\WINDOWS\Desktop\AKC Homepage\cabinets\Specs\PC.gif --> 207.213.224.43 /cabinets/Specs PC.gif
99.08.18 10:08 B C:\WINDOWS\Desktop\AKC Homepage\cabinets\Specs\POP.gif --> 207.213.224.43 /cabinets/Specs POP.gif
99.08.18 10:08 B C:\WINDOWS\Desktop\AKC Homepage\cabinets\Specs\POW.gif --> 207.213.224.43 /cabinets/Specs POW.gif
99.08.18 10:09 B C:\WINDOWS\Desktop\AKC Homepage\cabinets\Specs\RC.gif --> 207.213.224.43 /cabinets/Specs RC.gif
99.08.18 10:09 B C:\WINDOWS\Desktop\AKC Homepage\cabinets\Specs\ROH.gif --> 207.213.224.43 /cabinets/Specs ROH.gif
99.08.18 10:09 B C:\WINDOWS\Desktop\AKC Homepage\cabinets\Specs\ROKT.gif --> 207.213.224.43 /cabinets/Specs ROKT.gif
99.08.18 10:09 B C:\WINDOWS\Desktop\AKC Homepage\cabinets\Specs\SLC.gif --> 207.213.224.43 /cabinets/Specs SLC.gif
99.08.18 10:09 B C:\WINDOWS\Desktop\AKC Homepage\cabinets\Specs\SLD.gif --> 207.213.224.43 /cabinets/Specs SLD.gif
99.08.18 10:09 B C:\WINDOWS\Desktop\AKC Homepage\cabinets\Specs\SR.gif --> 207.213.224.43 /cabinets/Specs SR.gif
99.08.18 10:10 B C:\WINDOWS\Desktop\AKC Homepage\cabinets\Specs\SRW.gif --> 207.213.224.43 /cabinets/Specs SRW.gif
99.08.18 10:10 B C:\WINDOWS\Desktop\AKC Homepage\cabinets\Specs\SWH.gif --> 207.213.224.43 /cabinets/Specs SWH.gif
99.08.18 10:10 B C:\WINDOWS\Desktop\AKC Homepage\cabinets\Specs\TAE.gif --> 207.213.224.43 /cabinets/Specs TAE.gif
99.08.18 10:10 B C:\WINDOWS\Desktop\AKC Homepage\cabinets\Specs\tall_angle.htm --> 207.213.224.43 /cabinets/Specs tall_angle.htm
99.08.18 10:10 B C:\WINDOWS\Desktop\AKC Homepage\cabinets\Specs\tall_broom.htm --> 207.213.224.43 /cabinets/Specs tall_broom.htm
99.08.18 10:10 B C:\WINDOWS\Desktop\AKC Homepage\cabinets\Specs\tall_open.htm --> 207.213.224.43 /cabinets/Specs tall_open.htm
99.08.18 10:10 B C:\WINDOWS\Desktop\AKC Homepage\cabinets\Specs\tall_oven.htm --> 207.213.224.43 /cabinets/Specs tall_oven.htm
99.08.18 10:10 B C:\WINDOWS\Desktop\AKC Homepage\cabinets\Specs\tall_pantry.htm --> 207.213.224.43 /cabinets/Specs tall_pantry.htm
99.08.18 10:10 B C:\WINDOWS\Desktop\AKC Homepage\cabinets\Specs\tall_slip.htm --> 207.213.224.43 /cabinets/Specs tall_slip.htm
99.08.18 10:10 B C:\WINDOWS\Desktop\AKC Homepage\cabinets\Specs\tall_vanity.htm --> 207.213.224.43 /cabinets/Specs tall_vanity.htm
99.08.18 10:10 B C:\WINDOWS\Desktop\AKC Homepage\cabinets\Specs\TD.gif --> 207.213.224.43 /cabinets/Specs TD.gif
99.08.18 10:10 B C:\WINDOWS\Desktop\AKC Homepage\cabinets\Specs\TES.gif --> 207.213.224.43 /cabinets/Specs TES.gif
99.08.18 10:10 B C:\WINDOWS\Desktop\AKC Homepage\cabinets\Specs\TOF.gif --> 207.213.224.43 /cabinets/Specs TOF.gif
99.08.18 10:11 B C:\WINDOWS\Desktop\AKC Homepage\cabinets\Specs\TSC.gif --> 207.213.224.43 /cabinets/Specs TSC.gif
99.08.18 10:11 B C:\WINDOWS\Desktop\AKC Homepage\cabinets\Specs\TSDC.gif --> 207.213.224.43 /cabinets/Specs TSDC.gif
99.08.18 10:11 B C:\WINDOWS\Desktop\AKC Homepage\cabinets\Specs\TTVCC.gif --> 207.213.224.43 /cabinets/Specs TTVCC.gif
99.08.18 10:11 B C:\WINDOWS\Desktop\AKC Homepage\cabinets\Specs\TTVCD.gif --> 207.213.224.43 /cabinets/Specs TTVCD.gif
99.08.18 10:11 B C:\WINDOWS\Desktop\AKC Homepage\cabinets\Specs\TTVCS.gif --> 207.213.224.43 /cabinets/Specs TTVCS.gif
99.08.18 10:11 B C:\WINDOWS\Desktop\AKC Homepage\cabinets\Specs\TVC.gif --> 207.213.224.43 /cabinets/Specs TVC.gif
99.08.18 10:11 B C:\WINDOWS\Desktop\AKC Homepage\cabinets\Specs\TVCD.gif --> 207.213.224.43 /cabinets/Specs TVCD.gif
99.08.18 10:12 B C:\WINDOWS\Desktop\AKC Homepage\cabinets\Specs\V.gif --> 207.213.224.43 /cabinets/Specs V.gif
99.08.18 10:12 B C:\WINDOWS\Desktop\AKC Homepage\cabinets\Specs\vanity_drawers.htm --> 207.213.224.43 /cabinets/Specs vanity_drawers.htm
99.08.18 10:12 B C:\WINDOWS\Desktop\AKC Homepage\cabinets\Specs\vanity_high.htm --> 207.213.224.43 /cabinets/Specs vanity_high.htm
99.08.18 10:12 B C:\WINDOWS\Desktop\AKC Homepage\cabinets\Specs\vanity_knee.htm --> 207.213.224.43 /cabinets/Specs vanity_knee.htm
99.08.18 10:12 B C:\WINDOWS\Desktop\AKC Homepage\cabinets\Specs\vanity_sink.htm --> 207.213.224.43 /cabinets/Specs vanity_sink.htm
99.08.18 10:12 B C:\WINDOWS\Desktop\AKC Homepage\cabinets\Specs\vanity_standard.htm --> 207.213.224.43 /cabinets/Specs vanity_standard.htm
99.08.18 10:12 B C:\WINDOWS\Desktop\AKC Homepage\cabinets\Specs\vanity_wall.htm --> 207.213.224.43 /cabinets/Specs vanity_wall.htm
99.08.18 10:12 B C:\WINDOWS\Desktop\AKC Homepage\cabinets\Specs\VCD.gif --> 207.213.224.43 /cabinets/Specs VCD.gif
99.08.18 10:12 B C:\WINDOWS\Desktop\AKC Homepage\cabinets\Specs\VCS.gif --> 207.213.224.43 /cabinets/Specs VCS.gif
99.08.18 10:12 B C:\WINDOWS\Desktop\AKC Homepage\cabinets\Specs\VD.gif --> 207.213.224.43 /cabinets/Specs VD.gif
99.08.18 10:12 B C:\WINDOWS\Desktop\AKC Homepage\cabinets\Specs\VDK.gif --> 207.213.224.43 /cabinets/Specs VDK.gif
99.08.18 10:12 B C:\WINDOWS\Desktop\AKC Homepage\cabinets\Specs\VDKE.gif --> 207.213.224.43 /cabinets/Specs VDKE.gif
99.08.18 10:12 B C:\WINDOWS\Desktop\AKC Homepage\cabinets\Specs\VDS.gif --> 207.213.224.43 /cabinets/Specs VDS.gif
99.08.18 10:12 B C:\WINDOWS\Desktop\AKC Homepage\cabinets\Specs\VH.gif --> 207.213.224.43 /cabinets/Specs VH.gif
99.08.18 10:13 B C:\WINDOWS\Desktop\AKC Homepage\cabinets\Specs\VHS.gif --> 207.213.224.43 /cabinets/Specs VHS.gif
99.08.18 10:13 B C:\WINDOWS\Desktop\AKC Homepage\cabinets\Specs\VHSF.gif --> 207.213.224.43 /cabinets/Specs VHSF.gif
99.08.18 10:13 B C:\WINDOWS\Desktop\AKC Homepage\cabinets\Specs\VLC.gif --> 207.213.224.43 /cabinets/Specs VLC.gif
99.08.18 10:13 B C:\WINDOWS\Desktop\AKC Homepage\cabinets\Specs\VLD.gif --> 207.213.224.43 /cabinets/Specs VLD.gif
99.08.18 10:13 B C:\WINDOWS\Desktop\AKC Homepage\cabinets\Specs\VMC1424.gif --> 207.213.224.43 /cabinets/Specs VMC1424.gif
99.08.18 10:13 B C:\WINDOWS\Desktop\AKC Homepage\cabinets\Specs\VS.gif --> 207.213.224.43 /cabinets/Specs VS.gif
99.08.18 10:13 B C:\WINDOWS\Desktop\AKC Homepage\cabinets\Specs\VSAF.gif --> 207.213.224.43 /cabinets/Specs VSAF.gif
99.08.18 10:14 B C:\WINDOWS\Desktop\AKC Homepage\cabinets\Specs\VSC.gif --> 207.213.224.43 /cabinets/Specs VSC.gif
99.08.18 10:14 B C:\WINDOWS\Desktop\AKC Homepage\cabinets\Specs\VSD.gif --> 207.213.224.43 /cabinets/Specs VSD.gif
99.08.18 10:14 B C:\WINDOWS\Desktop\AKC Homepage\cabinets\Specs\VSF.gif --> 207.213.224.43 /cabinets/Specs VSF.gif
99.08.18 10:14 B C:\WINDOWS\Desktop\AKC Homepage\cabinets\Specs\VSLD.gif --> 207.213.224.43 /cabinets/Specs VSLD.gif
99.08.18 10:14 B C:\WINDOWS\Desktop\AKC Homepage\cabinets\Specs\VW.gif --> 207.213.224.43 /cabinets/Specs VW.gif
99.08.18 10:14 B C:\WINDOWS\Desktop\AKC Homepage\cabinets\Specs\W.gif --> 207.213.224.43 /cabinets/Specs W.gif
99.08.18 10:14 B C:\WINDOWS\Desktop\AKC Homepage\cabinets\Specs\W3D.gif --> 207.213.224.43 /cabinets/Specs W3D.gif
99.08.18 10:14 B C:\WINDOWS\Desktop\AKC Homepage\cabinets\Specs\WAC.gif --> 207.213.224.43 /cabinets/Specs WAC.gif
99.08.18 10:14 B C:\WINDOWS\Desktop\AKC Homepage\cabinets\Specs\WAE.gif --> 207.213.224.43 /cabinets/Specs WAE.gif
99.08.18 10:14 B C:\WINDOWS\Desktop\AKC Homepage\cabinets\Specs\WAG.gif --> 207.213.224.43 /cabinets/Specs WAG.gif
99.08.18 10:14 B C:\WINDOWS\Desktop\AKC Homepage\cabinets\Specs\wall_corner.htm --> 207.213.224.43 /cabinets/Specs wall_corner.htm
99.08.18 10:14 B C:\WINDOWS\Desktop\AKC Homepage\cabinets\Specs\wall_curved.htm --> 207.213.224.43 /cabinets/Specs wall_curved.htm
99.08.18 10:14 B C:\WINDOWS\Desktop\AKC Homepage\cabinets\Specs\wall_display.htm --> 207.213.224.43 /cabinets/Specs wall_display.htm
99.08.18 10:14 B C:\WINDOWS\Desktop\AKC Homepage\cabinets\Specs\wall_drawer.htm --> 207.213.224.43 /cabinets/Specs wall_drawer.htm
99.08.18 10:14 B C:\WINDOWS\Desktop\AKC Homepage\cabinets\Specs\wall_garage.htm --> 207.213.224.43 /cabinets/Specs wall_garage.htm
99.08.18 10:14 B C:\WINDOWS\Desktop\AKC Homepage\cabinets\Specs\wall_hood.htm --> 207.213.224.43 /cabinets/Specs wall_hood.htm
99.08.18 10:15 B C:\WINDOWS\Desktop\AKC Homepage\cabinets\Specs\wall_knick.htm --> 207.213.224.43 /cabinets/Specs wall_knick.htm
99.08.18 10:15 B C:\WINDOWS\Desktop\AKC Homepage\cabinets\Specs\wall_letter.htm --> 207.213.224.43 /cabinets/Specs wall_letter.htm
99.08.18 10:15 B C:\WINDOWS\Desktop\AKC Homepage\cabinets\Specs\wall_microwave.htm --> 207.213.224.43 /cabinets/Specs wall_microwave.htm
99.08.18 10:15 B C:\WINDOWS\Desktop\AKC Homepage\cabinets\Specs\wall_open.htm --> 207.213.224.43 /cabinets/Specs wall_open.htm
99.08.18 10:15 B C:\WINDOWS\Desktop\AKC Homepage\cabinets\Specs\wall_peninsula.htm --> 207.213.224.43 /cabinets/Specs wall_peninsula.htm
99.08.18 10:15 B C:\WINDOWS\Desktop\AKC Homepage\cabinets\Specs\wall_plate.htm --> 207.213.224.43 /cabinets/Specs wall_plate.htm
99.08.18 10:15 B C:\WINDOWS\Desktop\AKC Homepage\cabinets\Specs\wall_refer.htm --> 207.213.224.43 /cabinets/Specs wall_refer.htm
99.08.18 10:15 B C:\WINDOWS\Desktop\AKC Homepage\cabinets\Specs\wall_standard.htm --> 207.213.224.43 /cabinets/Specs wall_standard.htm
99.08.18 10:15 B C:\WINDOWS\Desktop\AKC Homepage\cabinets\Specs\wall_wine.htm --> 207.213.224.43 /cabinets/Specs wall_wine.htm
99.08.18 10:15 B C:\WINDOWS\Desktop\AKC Homepage\cabinets\Specs\WCA.gif --> 207.213.224.43 /cabinets/Specs WCA.gif
99.08.18 10:15 B C:\WINDOWS\Desktop\AKC Homepage\cabinets\Specs\WCAP.gif --> 207.213.224.43 /cabinets/Specs WCAP.gif
99.08.18 10:15 B C:\WINDOWS\Desktop\AKC Homepage\cabinets\Specs\WCAT.gif --> 207.213.224.43 /cabinets/Specs WCAT.gif
99.08.18 10:15 B C:\WINDOWS\Desktop\AKC Homepage\cabinets\Specs\WCC.gif --> 207.213.224.43 /cabinets/Specs WCC.gif
99.08.18 10:16 B C:\WINDOWS\Desktop\AKC Homepage\cabinets\Specs\WCE.gif --> 207.213.224.43 /cabinets/Specs WCE.gif
99.08.18 10:16 B C:\WINDOWS\Desktop\AKC Homepage\cabinets\Specs\WDC.gif --> 207.213.224.43 /cabinets/Specs WDC.gif
99.08.18 10:16 B C:\WINDOWS\Desktop\AKC Homepage\cabinets\Specs\WDD.gif --> 207.213.224.43 /cabinets/Specs WDD.gif
99.08.18 10:17 B C:\WINDOWS\Desktop\AKC Homepage\cabinets\Specs\WDDW.gif --> 207.213.224.43 /cabinets/Specs WDDW.gif
99.08.18 10:17 B C:\WINDOWS\Desktop\AKC Homepage\cabinets\Specs\WG.gif --> 207.213.224.43 /cabinets/Specs WG.gif
99.08.18 10:18 B C:\WINDOWS\Desktop\AKC Homepage\cabinets\Specs\WH.gif --> 207.213.224.43 /cabinets/Specs WH.gif
99.08.18 10:18 B C:\WINDOWS\Desktop\AKC Homepage\cabinets\Specs\WHC.gif --> 207.213.224.43 /cabinets/Specs WHC.gif
99.08.18 10:18 B C:\WINDOWS\Desktop\AKC Homepage\cabinets\Specs\WLO.gif --> 207.213.224.43 /cabinets/Specs WLO.gif
99.08.18 10:18 B C:\WINDOWS\Desktop\AKC Homepage\cabinets\Specs\WLWR.gif --> 207.213.224.43 /cabinets/Specs WLWR.gif
99.08.18 10:18 B C:\WINDOWS\Desktop\AKC Homepage\cabinets\Specs\WM.gif --> 207.213.224.43 /cabinets/Specs WM.gif
99.08.18 10:18 B C:\WINDOWS\Desktop\AKC Homepage\cabinets\Specs\WNN.gif --> 207.213.224.43 /cabinets/Specs WNN.gif
99.08.18 10:18 B C:\WINDOWS\Desktop\AKC Homepage\cabinets\Specs\WNNC.gif --> 207.213.224.43 /cabinets/Specs WNNC.gif
99.08.18 10:18 B C:\WINDOWS\Desktop\AKC Homepage\cabinets\Specs\WOF.gif --> 207.213.224.43 /cabinets/Specs WOF.gif
99.08.18 10:18 B C:\WINDOWS\Desktop\AKC Homepage\cabinets\Specs\WP.gif --> 207.213.224.43 /cabinets/Specs WP.gif
99.08.18 10:19 B C:\WINDOWS\Desktop\AKC Homepage\cabinets\Specs\WPAE.gif --> 207.213.224.43 /cabinets/Specs WPAE.gif
99.08.18 10:19 B C:\WINDOWS\Desktop\AKC Homepage\cabinets\Specs\WPR.gif --> 207.213.224.43 /cabinets/Specs WPR.gif
99.08.18 10:19 B C:\WINDOWS\Desktop\AKC Homepage\cabinets\Specs\WR.gif --> 207.213.224.43 /cabinets/Specs WR.gif
99.08.18 10:19 B C:\WINDOWS\Desktop\AKC Homepage\cabinets\Specs\WRK.gif --> 207.213.224.43 /cabinets/Specs WRK.gif
